1634488818769	geckodriver	INFO	Listening on 127.0.0.1:58031
1634488818777	mozrunner::runner	INFO	Running command: "/usr/bin/firefox" "--marionette" "--remote-debugging-port" "38003" "-no-remote" "-profile" "/tmp/rust_mozprofileRxx94k"
1634488819802	Marionette	INFO	Marionette enabled
console.info: MINT: Trying to use the system region (based on LANG).
console.info: MINT: System region is US
console.info: MINT: Trying to use the system region (based on LANG).
console.info: MINT: System region is US
console.warn: SearchSettings: "get: No settings file exists, new profile?" (new NotFoundError("Could not open the file at /tmp/rust_mozprofileRxx94k/search.json.mozlz4", (void 0)))
console.info: MINT: Loading search-config defaults.
JavaScript error: resource://gre/modules/TelemetryUtils.jsm, line 154: TypeError: date is undefined
JavaScript error: resource://services-settings/Attachments.jsm, line 391: TypeError: / is not a valid URL.
DevTools listening on ws://localhost:38003/devtools/browser/fe4d28bc-9b02-49b1-90a0-739764719edc
1634488821522	Marionette	INFO	Listening on port 36181
1634488821606	RemoteAgent	WARN	TLS certificate errors will be ignored for this session
JavaScript error: https://code.jquery.com/jquery-1.12.4.js, line 4446: TypeError: document is undefined
1634488966728	Marionette	INFO	Stopped listening on port 36181
JavaScript error: resource:///modules/Interactions.jsm, line 230: NS_ERROR_FAILURE: Component returned failure code: 0x80004005 (NS_ERROR_FAILURE) [nsIUserIdleService.removeIdleObserver]
1634488992318	geckodriver	INFO	Listening on 127.0.0.1:60845
1634488992323	mozrunner::runner	INFO	Running command: "/usr/bin/firefox" "--marionette" "--remote-debugging-port" "49833" "-no-remote" "-profile" "/tmp/rust_mozprofileuqcQMt"
1634488993145	Marionette	INFO	Marionette enabled
console.info: MINT: Trying to use the system region (based on LANG).
console.info: MINT: System region is US
console.info: MINT: Trying to use the system region (based on LANG).
console.info: MINT: System region is US
console.warn: SearchSettings: "get: No settings file exists, new profile?" (new NotFoundError("Could not open the file at /tmp/rust_mozprofileuqcQMt/search.json.mozlz4", (void 0)))
console.info: MINT: Loading search-config defaults.
JavaScript error: resource://gre/modules/TelemetryUtils.jsm, line 154: TypeError: date is undefined
JavaScript error: resource://services-settings/Attachments.jsm, line 391: TypeError: / is not a valid URL.
DevTools listening on ws://localhost:49833/devtools/browser/7b05a174-4f2c-4a31-86d2-85e362bf9fc8
1634488994654	Marionette	INFO	Listening on port 39729
1634488994746	RemoteAgent	WARN	TLS certificate errors will be ignored for this session
JavaScript error: https://code.jquery.com/jquery-1.12.4.js, line 4446: TypeError: document is undefined
JavaScript warning: https://pagead2.googlesyndication.com/bg/3NpV0t_ssl6JniOQZDZq0-jr2lBMmb0RSXUDLe8J8DM.js line 1 > eval line 880 > eval, line 1: WEBGL_debug_renderer_info is deprecated in Firefox and will be removed. Please use RENDERER.
JavaScript error: https://ads.pubmatic.com/AdServer/js/user_sync.html?p=137711&s=137812&predirect=https%3A%2F%2Fce.lijit.com%2Fmerge%3Fpid%3D58%263pid%3D&gdpr=0&gdpr_consent=, line 1: ReferenceError: CommonMeta is not defined
JavaScript error: https://ads.pubmatic.com/AdServer/js/user_sync.html?p=156212&predirect=https%3A%2F%2Fce.lijit.com%2Fmerge%3Fpid%3D71%263pid%3D&gdpr=1&gdpr_consent=ABCFETYFDJLNBFCV&gdpr=0&gdpr_consent=, line 1: ReferenceError: CommonMeta is not defined
JavaScript error: https://ads.pubmatic.com/AdServer/js/user_sync.html?predirect=https%3A%2F%2Frtb.gumgum.com%2Fusersync%3Fb%3Dpbm%26i%3D&gdpr=0&gdprConsent=, line 1: ReferenceError: CommonMeta is not defined
JavaScript error: https://ads.pubmatic.com/AdServer/js/user_sync.html?predirect=https%3A%2F%2Frtb.gumgum.com%2Fusersync%3Fb%3Dpbm%26i%3D&gdpr=0&gdprConsent=, line 1: ReferenceError: CommonMeta is not defined
1634489150031	geckodriver	INFO	Listening on 127.0.0.1:39543
1634489150037	mozrunner::runner	INFO	Running command: "/usr/bin/firefox" "--marionette" "--remote-debugging-port" "37717" "-no-remote" "-profile" "/tmp/rust_mozprofile8oZgT6"
1634489150960	Marionette	INFO	Marionette enabled
console.info: MINT: Trying to use the system region (based on LANG).
console.info: MINT: System region is US
console.info: MINT: Trying to use the system region (based on LANG).
console.info: MINT: System region is US
console.warn: SearchSettings: "get: No settings file exists, new profile?" (new NotFoundError("Could not open the file at /tmp/rust_mozprofile8oZgT6/search.json.mozlz4", (void 0)))
console.info: MINT: Loading search-config defaults.
JavaScript error: resource://gre/modules/TelemetryUtils.jsm, line 154: TypeError: date is undefined
JavaScript error: resource://services-settings/Attachments.jsm, line 391: TypeError: / is not a valid URL.
DevTools listening on ws://localhost:37717/devtools/browser/d4e39f5a-8cae-47f0-b5b5-4e2eccb05700
1634489152697	Marionette	INFO	Listening on port 35935
1634489152784	RemoteAgent	WARN	TLS certificate errors will be ignored for this session
JavaScript error: https://code.jquery.com/jquery-1.12.4.js, line 4446: TypeError: document is undefined
JavaScript error: https://ads.pubmatic.com/AdServer/js/user_sync.html?predirect=https%3A%2F%2Fx.yieldlift.com%2Fsetuid%3Fbidder%3Dpubmatic%26gdpr%3D0%26gdpr_consent%3D%26us_privacy%3D1---%26uid%3D, line 1: ReferenceError: CommonMeta is not defined
JavaScript error: https://code.jquery.com/jquery-1.12.4.js, line 4446: TypeError: document is undefined
JavaScript error: https://code.jquery.com/jquery-1.12.4.js, line 4446: TypeError: document is undefined
1634489193649	Marionette	INFO	Stopped listening on port 35935
JavaScript error: resource:///modules/Interactions.jsm, line 230: NS_ERROR_FAILURE: Component returned failure code: 0x80004005 (NS_ERROR_FAILURE) [nsIUserIdleService.removeIdleObserver]

###!!! [Parent][RunMessage] Error: Channel closing: too late to send/recv, messages will be lost

console.info: MINT: main/search-config update being skipped
JavaScript error: , line 0: TypeError: NetworkError when attempting to fetch resource.
JavaScript error: , line 0: TypeError: NetworkError when attempting to fetch resource.
console.log: WebExtensions: reset-default-search: starting.
console.log: WebExtensions: reset-default-search: No addons in our list are installed.
JavaScript error: , line 0: TypeError: NetworkError when attempting to fetch resource.
JavaScript error: , line 0: TypeError: NetworkError when attempting to fetch resource.
JavaScript error: , line 0: TypeError: NetworkError when attempting to fetch resource.
JavaScript error: , line 0: TypeError: NetworkError when attempting to fetch resource.
JavaScript error: , line 0: TypeError: NetworkError when attempting to fetch resource.
JavaScript error: , line 0: TypeError: NetworkError when attempting to fetch resource.
JavaScript error: , line 0: TypeError: NetworkError when attempting to fetch resource.
JavaScript error: , line 0: TypeError: NetworkError when attempting to fetch resource.
JavaScript warning: https://pagead2.googlesyndication.com/bg/3NpV0t_ssl6JniOQZDZq0-jr2lBMmb0RSXUDLe8J8DM.js line 1 > eval line 4623 > eval line 1 > eval, line 1: WEBGL_debug_renderer_info is deprecated in Firefox and will be removed. Please use RENDERER.
JavaScript error: , line 0: TypeError: NetworkError when attempting to fetch resource.
JavaScript warning: https://pagead2.googlesyndication.com/bg/3NpV0t_ssl6JniOQZDZq0-jr2lBMmb0RSXUDLe8J8DM.js line 1 > eval line 3958 > eval line 1 > eval, line 1: WEBGL_debug_renderer_info is deprecated in Firefox and will be removed. Please use RENDERER.
JavaScript error: , line 0: TypeError: NetworkError when attempting to fetch resource.
JavaScript warning: https://pagead2.googlesyndication.com/bg/3NpV0t_ssl6JniOQZDZq0-jr2lBMmb0RSXUDLe8J8DM.js line 1 > eval line 5357 > eval line 1 > eval, line 1: WEBGL_debug_renderer_info is deprecated in Firefox and will be removed. Please use RENDERER.
1634489666427	geckodriver	INFO	Listening on 127.0.0.1:58773
1634489666433	mozrunner::runner	INFO	Running command: "/usr/bin/firefox" "--marionette" "--remote-debugging-port" "45933" "-no-remote" "-profile" "/tmp/rust_mozprofiletPKGBk"
1634489667312	Marionette	INFO	Marionette enabled
console.info: MINT: Trying to use the system region (based on LANG).
console.info: MINT: System region is US
console.info: MINT: Trying to use the system region (based on LANG).
console.info: MINT: System region is US
console.warn: SearchSettings: "get: No settings file exists, new profile?" (new NotFoundError("Could not open the file at /tmp/rust_mozprofiletPKGBk/search.json.mozlz4", (void 0)))
console.info: MINT: Loading search-config defaults.
JavaScript error: resource://gre/modules/TelemetryUtils.jsm, line 154: TypeError: date is undefined
JavaScript error: resource://services-settings/Attachments.jsm, line 391: TypeError: / is not a valid URL.
DevTools listening on ws://localhost:45933/devtools/browser/934f2927-cc04-4641-931c-d0705453b70e
1634489668884	Marionette	INFO	Listening on port 42489
1634489668957	RemoteAgent	WARN	TLS certificate errors will be ignored for this session
JavaScript error: https://code.jquery.com/jquery-1.12.4.js, line 4446: TypeError: document is undefined
JavaScript error: resource://devtools/server/actors/network-monitor/network-event-actor.js, line 109: Error: Got a request https://bangkokairquality.com/bma/assets/css/style.css without a browsingContextID set
JavaScript error: resource://devtools/server/actors/network-monitor/network-event-actor.js, line 109: Error: Got a request https://maxcdn.bootstrapcdn.com/bootstrap/3.4.1/css/bootstrap.min.css without a browsingContextID set
JavaScript error: resource://devtools/server/actors/network-monitor/network-event-actor.js, line 109: Error: Got a request https://cdn.datatables.net/1.10.16/css/jquery.dataTables.min.css without a browsingContextID set
JavaScript error: , line 0: TypeError: NetworkError when attempting to fetch resource.
JavaScript warning: https://pagead2.googlesyndication.com/bg/3NpV0t_ssl6JniOQZDZq0-jr2lBMmb0RSXUDLe8J8DM.js line 1 > eval line 1760 > eval line 1 > eval, line 1: WEBGL_debug_renderer_info is deprecated in Firefox and will be removed. Please use RENDERER.
JavaScript error: , line 0: TypeError: NetworkError when attempting to fetch resource.
JavaScript warning: https://pagead2.googlesyndication.com/bg/QjHKgOpm15qTJXWLxUnNMS8wTt6682k-qtw68OFTrDs.js line 1 > eval line 7006 > eval line 1 > eval, line 1: WEBGL_debug_renderer_info is deprecated in Firefox and will be removed. Please use RENDERER.
JavaScript error: , line 0: TypeError: NetworkError when attempting to fetch resource.
JavaScript warning: https://pagead2.googlesyndication.com/bg/3NpV0t_ssl6JniOQZDZq0-jr2lBMmb0RSXUDLe8J8DM.js line 1 > eval line 5454 > eval, line 1: WEBGL_debug_renderer_info is deprecated in Firefox and will be removed. Please use RENDERER.
JavaScript error: , line 0: TypeError: NetworkError when attempting to fetch resource.
JavaScript error: , line 0: TypeError: NetworkError when attempting to fetch resource.
JavaScript error: , line 0: TypeError: NetworkError when attempting to fetch resource.
JavaScript error: , line 0: TypeError: NetworkError when attempting to fetch resource.
1634489874566	geckodriver	INFO	Listening on 127.0.0.1:52729
1634489874572	mozrunner::runner	INFO	Running command: "/usr/bin/firefox" "--marionette" "--remote-debugging-port" "56763" "-no-remote" "-profile" "/tmp/rust_mozprofilewCYw4Q"
1634489875470	Marionette	INFO	Marionette enabled
console.info: MINT: Trying to use the system region (based on LANG).
console.info: MINT: System region is US
console.info: MINT: Trying to use the system region (based on LANG).
console.info: MINT: System region is US
console.warn: SearchSettings: "get: No settings file exists, new profile?" (new NotFoundError("Could not open the file at /tmp/rust_mozprofilewCYw4Q/search.json.mozlz4", (void 0)))
console.info: MINT: Loading search-config defaults.
DevTools listening on ws://localhost:56763/devtools/browser/f359edb6-4756-4872-9d78-deffebcbd502
JavaScript error: resource://gre/modules/TelemetryUtils.jsm, line 154: TypeError: date is undefined
JavaScript error: resource://services-settings/Attachments.jsm, line 391: TypeError: / is not a valid URL.
1634489877067	Marionette	INFO	Listening on port 36949
1634489877095	RemoteAgent	WARN	TLS certificate errors will be ignored for this session
JavaScript error: https://code.jquery.com/jquery-1.12.4.js, line 4446: TypeError: document is undefined
1634489889032	Marionette	INFO	Stopped listening on port 36949
JavaScript error: resource:///modules/Interactions.jsm, line 230: NS_ERROR_FAILURE: Component returned failure code: 0x80004005 (NS_ERROR_FAILURE) [nsIUserIdleService.removeIdleObserver]

###!!! [Parent][RunMessage] Error: Channel closing: too late to send/recv, messages will be lost

JavaScript error: , line 0: TypeError: NetworkError when attempting to fetch resource.
JavaScript error: , line 0: TypeError: NetworkError when attempting to fetch resource.
JavaScript error: , line 0: TypeError: NetworkError when attempting to fetch resource.
JavaScript warning: https://pagead2.googlesyndication.com/bg/3NpV0t_ssl6JniOQZDZq0-jr2lBMmb0RSXUDLe8J8DM.js line 1 > eval line 4059 > eval line 1 > eval, line 1: WEBGL_debug_renderer_info is deprecated in Firefox and will be removed. Please use RENDERER.
JavaScript error: , line 0: TypeError: NetworkError when attempting to fetch resource.
JavaScript error: , line 0: TypeError: NetworkError when attempting to fetch resource.
JavaScript warning: https://pagead2.googlesyndication.com/bg/3NpV0t_ssl6JniOQZDZq0-jr2lBMmb0RSXUDLe8J8DM.js line 1 > eval line 4633 > eval line 1 > eval, line 1: WEBGL_debug_renderer_info is deprecated in Firefox and will be removed. Please use RENDERER.
JavaScript warning: https://pagead2.googlesyndication.com/bg/3NpV0t_ssl6JniOQZDZq0-jr2lBMmb0RSXUDLe8J8DM.js line 1 > eval line 5938 > eval, line 1: WEBGL_debug_renderer_info is deprecated in Firefox and will be removed. Please use RENDERER.
JavaScript warning: https://pagead2.googlesyndication.com/bg/3NpV0t_ssl6JniOQZDZq0-jr2lBMmb0RSXUDLe8J8DM.js line 1 > eval line 5657 > eval, line 1: WEBGL_debug_renderer_info is deprecated in Firefox and will be removed. Please use RENDERER.
JavaScript error: https://ads.pubmatic.com/AdServer/js/user_sync.html?p=156212&predirect=https%3A%2F%2Fce.lijit.com%2Fmerge%3Fpid%3D71%263pid%3D&gdpr=1&gdpr_consent=ABCFETYFDJLNBFCV&gdpr=0&gdpr_consent=, line 1: ReferenceError: CommonMeta is not defined
JavaScript error: https://ads.pubmatic.com/AdServer/js/user_sync.html?p=137711&s=137812&predirect=https%3A%2F%2Fce.lijit.com%2Fmerge%3Fpid%3D58%263pid%3D&gdpr=0&gdpr_consent=, line 1: ReferenceError: CommonMeta is not defined
JavaScript error: https://ads.pubmatic.com/AdServer/js/user_sync.html?p=156212&predirect=https%3A%2F%2Fce.lijit.com%2Fmerge%3Fpid%3D71%263pid%3D&gdpr=1&gdpr_consent=ABCFETYFDJLNBFCV&gdpr=0&gdpr_consent=, line 1: ReferenceError: CommonMeta is not defined
JavaScript error: https://ads.pubmatic.com/AdServer/js/user_sync.html?p=156212&predirect=https%3A%2F%2Fce.lijit.com%2Fmerge%3Fpid%3D71%263pid%3D&gdpr=1&gdpr_consent=ABCFETYFDJLNBFCV&gdpr=0&gdpr_consent=, line 1: ReferenceError: CommonMeta is not defined
JavaScript error: https://ads.pubmatic.com/AdServer/js/user_sync.html?p=137711&s=137812&predirect=https%3A%2F%2Fce.lijit.com%2Fmerge%3Fpid%3D58%263pid%3D&gdpr=0&gdpr_consent=, line 1: ReferenceError: CommonMeta is not defined
JavaScript error: https://ads.pubmatic.com/AdServer/js/user_sync.html?predirect=https%3A%2F%2Frtb.gumgum.com%2Fusersync%3Fb%3Dpbm%26i%3D&gdpr=0&gdprConsent=, line 1: ReferenceError: CommonMeta is not defined
JavaScript error: https://ads.pubmatic.com/AdServer/js/user_sync.html?predirect=https%3A%2F%2Frtb.gumgum.com%2Fusersync%3Fb%3Dpbm%26i%3D&gdpr=0&gdprConsent=, line 1: ReferenceError: CommonMeta is not defined
JavaScript warning: https://pagead2.googlesyndication.com/bg/3NpV0t_ssl6JniOQZDZq0-jr2lBMmb0RSXUDLe8J8DM.js line 1 > eval line 5225 > eval, line 1: WEBGL_debug_renderer_info is deprecated in Firefox and will be removed. Please use RENDERER.
JavaScript warning: https://z.moatads.com/quantcastv2691176990399/moatad.js#moatClientLevel1=p-1RYxePXT9bCS2&moatClientLevel2=qfm&moatClientLevel3=73633d4d-95a5-4f98-90de-102e10cebbc5&moatClientLevel4=953a32bf-f6be-4b1e-af14-6217368a25c6&uid=b4Cdz2CGpNMCpYrZQqCzrk6WgetgoDuPQH8=, line 255: WEBGL_debug_renderer_info is deprecated in Firefox and will be removed. Please use RENDERER.
console.info: MINT: main/search-config update being skipped
JavaScript warning: https://pagead2.googlesyndication.com/bg/3NpV0t_ssl6JniOQZDZq0-jr2lBMmb0RSXUDLe8J8DM.js line 1 > eval line 1507 > eval, line 1: WEBGL_debug_renderer_info is deprecated in Firefox and will be removed. Please use RENDERER.
JavaScript warning: https://pagead2.googlesyndication.com/bg/3NpV0t_ssl6JniOQZDZq0-jr2lBMmb0RSXUDLe8J8DM.js line 1 > eval line 773 > eval line 1 > eval, line 1: WEBGL_debug_renderer_info is deprecated in Firefox and will be removed. Please use RENDERER.
JavaScript error: , line 0: TypeError: NetworkError when attempting to fetch resource.
JavaScript error: , line 0: TypeError: NetworkError when attempting to fetch resource.
JavaScript error: , line 0: TypeError: NetworkError when attempting to fetch resource.
JavaScript error: , line 0: TypeError: NetworkError when attempting to fetch resource.
JavaScript warning: https://pagead2.googlesyndication.com/bg/QjHKgOpm15qTJXWLxUnNMS8wTt6682k-qtw68OFTrDs.js line 1 > eval line 6906 > eval line 1 > eval, line 1: WEBGL_debug_renderer_info is deprecated in Firefox and will be removed. Please use RENDERER.
JavaScript error: https://ads.pubmatic.com/AdServer/js/user_sync.html?p=137711&s=137812&predirect=https%3A%2F%2Fce.lijit.com%2Fmerge%3Fpid%3D58%263pid%3D&gdpr=0&gdpr_consent=, line 1: ReferenceError: CommonMeta is not defined
1634489970595	Marionette	INFO	Stopped listening on port 42489
JavaScript error: resource:///modules/Interactions.jsm, line 230: NS_ERROR_FAILURE: Component returned failure code: 0x80004005 (NS_ERROR_FAILURE) [nsIUserIdleService.removeIdleObserver]
JavaScript error: , line 0: TypeError: NetworkError when attempting to fetch resource.
JavaScript error: , line 0: TypeError: NetworkError when attempting to fetch resource.
JavaScript error: , line 0: TypeError: NetworkError when attempting to fetch resource.
JavaScript error: , line 0: TypeError: NetworkError when attempting to fetch resource.
JavaScript error: , line 0: TypeError: NetworkError when attempting to fetch resource.
JavaScript error: , line 0: TypeError: NetworkError when attempting to fetch resource.
JavaScript error: , line 0: TypeError: NetworkError when attempting to fetch resource.
[Parent 175761, IPC I/O Parent] WARNING: FileDescriptorSet destroyed with unconsumed descriptors: file /PROJECT/firefox-92.0.1+linuxmint1+uma/ipc/chromium/src/chrome/common/file_descriptor_set_posix.cc:19

###!!! [Parent][RunMessage] Error: Channel closing: too late to send/recv, messages will be lost

1634489975416	Marionette	INFO	Stopped listening on port 39729
JavaScript error: resource:///modules/Interactions.jsm, line 230: NS_ERROR_FAILURE: Component returned failure code: 0x80004005 (NS_ERROR_FAILURE) [nsIUserIdleService.removeIdleObserver]
JavaScript error: , line 0: TypeError: NetworkError when attempting to fetch resource.
JavaScript error: , line 0: TypeError: NetworkError when attempting to fetch resource.

###!!! [Parent][MessageChannel] Error: (msgtype=0x390077,name=PContent::Msg_DestroyBrowsingContextGroup) Closed channel: cannot send/recv


###!!! [Parent][RunMessage] Error: Channel closing: too late to send/recv, messages will be lost

1634490073763	geckodriver	INFO	Listening on 127.0.0.1:35175
1634490073768	mozrunner::runner	INFO	Running command: "/usr/bin/firefox" "--marionette" "--remote-debugging-port" "54783" "-no-remote" "-profile" "/tmp/rust_mozprofilelAiKKk"
1634490074671	Marionette	INFO	Marionette enabled
console.info: MINT: Trying to use the system region (based on LANG).
console.info: MINT: System region is US
console.info: MINT: Trying to use the system region (based on LANG).
console.info: MINT: System region is US
console.warn: SearchSettings: "get: No settings file exists, new profile?" (new NotFoundError("Could not open the file at /tmp/rust_mozprofilelAiKKk/search.json.mozlz4", (void 0)))
console.info: MINT: Loading search-config defaults.
JavaScript error: resource://gre/modules/TelemetryUtils.jsm, line 154: TypeError: date is undefined
JavaScript error: resource://services-settings/Attachments.jsm, line 391: TypeError: / is not a valid URL.
DevTools listening on ws://localhost:54783/devtools/browser/e2abe3fd-11a2-49cf-826b-949d79173e54
1634490076084	Marionette	INFO	Listening on port 44015
1634490076190	RemoteAgent	WARN	TLS certificate errors will be ignored for this session
JavaScript error: https://code.jquery.com/jquery-1.12.4.js, line 4446: TypeError: document is undefined
1634490265209	geckodriver	INFO	Listening on 127.0.0.1:34215
1634490265215	mozrunner::runner	INFO	Running command: "/usr/bin/firefox" "--marionette" "--remote-debugging-port" "42841" "-no-remote" "-profile" "/tmp/rust_mozprofile8JvaaW"
1634490266017	Marionette	INFO	Marionette enabled
console.info: MINT: Trying to use the system region (based on LANG).
console.info: MINT: System region is US
console.info: MINT: Trying to use the system region (based on LANG).
console.info: MINT: System region is US
console.warn: SearchSettings: "get: No settings file exists, new profile?" (new NotFoundError("Could not open the file at /tmp/rust_mozprofile8JvaaW/search.json.mozlz4", (void 0)))
console.info: MINT: Loading search-config defaults.
JavaScript error: resource://gre/modules/TelemetryUtils.jsm, line 154: TypeError: date is undefined
JavaScript error: resource://services-settings/Attachments.jsm, line 391: TypeError: / is not a valid URL.
DevTools listening on ws://localhost:42841/devtools/browser/261d9ed5-15a7-457a-88e8-dd009530acd7
1634490267498	Marionette	INFO	Listening on port 45431
1634490267558	RemoteAgent	WARN	TLS certificate errors will be ignored for this session
JavaScript error: https://code.jquery.com/jquery-1.12.4.js, line 4446: TypeError: document is undefined
1634490282618	Marionette	INFO	Stopped listening on port 45431
JavaScript error: resource:///modules/Interactions.jsm, line 230: NS_ERROR_FAILURE: Component returned failure code: 0x80004005 (NS_ERROR_FAILURE) [nsIUserIdleService.removeIdleObserver]

###!!! [Parent][RunMessage] Error: Channel closing: too late to send/recv, messages will be lost

1634490305525	geckodriver	INFO	Listening on 127.0.0.1:59859
1634490305530	mozrunner::runner	INFO	Running command: "/usr/bin/firefox" "--marionette" "--remote-debugging-port" "59537" "-no-remote" "-profile" "/tmp/rust_mozprofileZODQXr"
1634490306362	Marionette	INFO	Marionette enabled
console.info: MINT: Trying to use the system region (based on LANG).
console.info: MINT: System region is US
console.info: MINT: Trying to use the system region (based on LANG).
console.info: MINT: System region is US
console.warn: SearchSettings: "get: No settings file exists, new profile?" (new NotFoundError("Could not open the file at /tmp/rust_mozprofileZODQXr/search.json.mozlz4", (void 0)))
console.info: MINT: Loading search-config defaults.
JavaScript error: resource://gre/modules/TelemetryUtils.jsm, line 154: TypeError: date is undefined
JavaScript error: resource://services-settings/Attachments.jsm, line 391: TypeError: / is not a valid URL.
DevTools listening on ws://localhost:59537/devtools/browser/de0645df-bbe7-455d-8408-5aae62efeec5
1634490307675	Marionette	INFO	Listening on port 40337
1634490307760	RemoteAgent	WARN	TLS certificate errors will be ignored for this session
JavaScript error: https://code.jquery.com/jquery-1.12.4.js, line 4446: TypeError: document is undefined
1634490314865	Marionette	INFO	Stopped listening on port 40337
JavaScript error: resource:///modules/Interactions.jsm, line 230: NS_ERROR_FAILURE: Component returned failure code: 0x80004005 (NS_ERROR_FAILURE) [nsIUserIdleService.removeIdleObserver]

###!!! [Parent][RunMessage] Error: Channel closing: too late to send/recv, messages will be lost

1634490339896	geckodriver	INFO	Listening on 127.0.0.1:60873
1634490339902	mozrunner::runner	INFO	Running command: "/usr/bin/firefox" "--marionette" "--remote-debugging-port" "46287" "-no-remote" "-profile" "/tmp/rust_mozprofileauAKBn"
1634490340756	Marionette	INFO	Marionette enabled
console.info: MINT: Trying to use the system region (based on LANG).
console.info: MINT: System region is US
console.info: MINT: Trying to use the system region (based on LANG).
console.info: MINT: System region is US
console.warn: SearchSettings: "get: No settings file exists, new profile?" (new NotFoundError("Could not open the file at /tmp/rust_mozprofileauAKBn/search.json.mozlz4", (void 0)))
console.info: MINT: Loading search-config defaults.
JavaScript error: resource://gre/modules/TelemetryUtils.jsm, line 154: TypeError: date is undefined
JavaScript error: resource://services-settings/Attachments.jsm, line 391: TypeError: / is not a valid URL.
DevTools listening on ws://localhost:46287/devtools/browser/f3f5b71e-4396-4e3d-af39-6c5f82475c81
1634490342289	Marionette	INFO	Listening on port 46149
1634490342327	RemoteAgent	WARN	TLS certificate errors will be ignored for this session
JavaScript error: https://code.jquery.com/jquery-1.12.4.js, line 4446: TypeError: document is undefined
console.info: MINT: main/search-config update being skipped
console.log: WebExtensions: reset-default-search: starting.
console.log: WebExtensions: reset-default-search: No addons in our list are installed.
console.info: MINT: main/search-config update being skipped
1634490993688	geckodriver	INFO	Listening on 127.0.0.1:52137
1634490993694	mozrunner::runner	INFO	Running command: "/usr/bin/firefox" "--marionette" "--remote-debugging-port" "48069" "-no-remote" "-profile" "/tmp/rust_mozprofilevA6Rd4"
1634490994546	Marionette	INFO	Marionette enabled
console.info: MINT: Trying to use the system region (based on LANG).
console.info: MINT: System region is US
console.info: MINT: Trying to use the system region (based on LANG).
console.info: MINT: System region is US
console.warn: SearchSettings: "get: No settings file exists, new profile?" (new NotFoundError("Could not open the file at /tmp/rust_mozprofilevA6Rd4/search.json.mozlz4", (void 0)))
console.info: MINT: Loading search-config defaults.
JavaScript error: resource://gre/modules/TelemetryUtils.jsm, line 154: TypeError: date is undefined
JavaScript error: resource://services-settings/Attachments.jsm, line 391: TypeError: / is not a valid URL.
DevTools listening on ws://localhost:48069/devtools/browser/ec94a471-c220-4dd9-8713-af36628e6a82
1634490996041	Marionette	INFO	Listening on port 42769
1634490996131	RemoteAgent	WARN	TLS certificate errors will be ignored for this session
JavaScript error: https://code.jquery.com/jquery-1.12.4.js, line 4446: TypeError: document is undefined
1634491017093	geckodriver	INFO	Listening on 127.0.0.1:60221
1634491017098	mozrunner::runner	INFO	Running command: "/usr/bin/firefox" "--marionette" "--remote-debugging-port" "57177" "-no-remote" "-profile" "/tmp/rust_mozprofilevVJBrO"
1634491017952	Marionette	INFO	Marionette enabled
console.info: MINT: Trying to use the system region (based on LANG).
console.info: MINT: System region is US
console.info: MINT: Trying to use the system region (based on LANG).
console.info: MINT: System region is US
console.warn: SearchSettings: "get: No settings file exists, new profile?" (new NotFoundError("Could not open the file at /tmp/rust_mozprofilevVJBrO/search.json.mozlz4", (void 0)))
console.info: MINT: Loading search-config defaults.
JavaScript error: resource://gre/modules/TelemetryUtils.jsm, line 154: TypeError: date is undefined
JavaScript error: resource://services-settings/Attachments.jsm, line 391: TypeError: / is not a valid URL.
DevTools listening on ws://localhost:57177/devtools/browser/603704c7-9bc5-45fa-b6f7-00347a36ea45
1634491019929	Marionette	INFO	Listening on port 42807
1634491020049	RemoteAgent	WARN	TLS certificate errors will be ignored for this session
JavaScript error: https://code.jquery.com/jquery-1.12.4.js, line 4446: TypeError: document is undefined
console.log: WebExtensions: reset-default-search: starting.
console.log: WebExtensions: reset-default-search: No addons in our list are installed.
1634491054127	geckodriver	INFO	Listening on 127.0.0.1:43969
1634491054134	mozrunner::runner	INFO	Running command: "/usr/bin/firefox" "--marionette" "--remote-debugging-port" "36355" "-no-remote" "-profile" "/tmp/rust_mozprofilelx2PjV"
1634491054984	Marionette	INFO	Marionette enabled
console.info: MINT: Trying to use the system region (based on LANG).
console.info: MINT: System region is US
console.info: MINT: Trying to use the system region (based on LANG).
console.info: MINT: System region is US
console.warn: SearchSettings: "get: No settings file exists, new profile?" (new NotFoundError("Could not open the file at /tmp/rust_mozprofilelx2PjV/search.json.mozlz4", (void 0)))
console.info: MINT: Loading search-config defaults.
JavaScript error: resource://gre/modules/TelemetryUtils.jsm, line 154: TypeError: date is undefined
JavaScript error: resource://services-settings/Attachments.jsm, line 391: TypeError: / is not a valid URL.
DevTools listening on ws://localhost:36355/devtools/browser/743b100c-1e53-49fb-a692-50eb79f3f3dd
1634491056730	Marionette	INFO	Listening on port 45769
1634491056777	RemoteAgent	WARN	TLS certificate errors will be ignored for this session
JavaScript error: https://code.jquery.com/jquery-1.12.4.js, line 4446: TypeError: document is undefined
JavaScript error: https://code.jquery.com/jquery-1.12.4.js, line 4446: TypeError: document is undefined
1634491106513	Marionette	INFO	Stopped listening on port 45769
JavaScript error: resource:///modules/Interactions.jsm, line 230: NS_ERROR_FAILURE: Component returned failure code: 0x80004005 (NS_ERROR_FAILURE) [nsIUserIdleService.removeIdleObserver]

###!!! [Parent][RunMessage] Error: Channel closing: too late to send/recv, messages will be lost

1634491222071	Marionette	INFO	Stopped listening on port 42807
JavaScript error: resource:///modules/Interactions.jsm, line 230: NS_ERROR_FAILURE: Component returned failure code: 0x80004005 (NS_ERROR_FAILURE) [nsIUserIdleService.removeIdleObserver]

###!!! [Parent][RunMessage] Error: Channel closing: too late to send/recv, messages will be lost

1634491225960	Marionette	INFO	Stopped listening on port 42769
JavaScript error: resource:///modules/Interactions.jsm, line 230: NS_ERROR_FAILURE: Component returned failure code: 0x80004005 (NS_ERROR_FAILURE) [nsIUserIdleService.removeIdleObserver]
1634491230349	Marionette	INFO	Stopped listening on port 44015
JavaScript error: resource:///modules/Interactions.jsm, line 230: NS_ERROR_FAILURE: Component returned failure code: 0x80004005 (NS_ERROR_FAILURE) [nsIUserIdleService.removeIdleObserver]

###!!! [Parent][RunMessage] Error: Channel closing: too late to send/recv, messages will be lost

1634491230934	Marionette	INFO	Stopped listening on port 46149
JavaScript error: resource:///modules/Interactions.jsm, line 230: NS_ERROR_FAILURE: Component returned failure code: 0x80004005 (NS_ERROR_FAILURE) [nsIUserIdleService.removeIdleObserver]
1638516113444	geckodriver	INFO	Listening on 127.0.0.1:45825
1638516113949	mozrunner::runner	INFO	Running command: "/usr/bin/firefox" "--marionette" "--remote-debugging-port" "33985" "-no-remote" "-profile" "/tmp/rust_mozprofileMSCvmm"
ATTENTION: default value of option mesa_glthread overridden by environment.
ATTENTION: default value of option mesa_glthread overridden by environment.
ATTENTION: default value of option mesa_glthread overridden by environment.
ATTENTION: default value of option mesa_glthread overridden by environment.
1638516114815	Marionette	INFO	Marionette enabled
console.info: MINT: Trying to use the system region (based on LANG).
console.info: MINT: System region is US
console.info: MINT: Trying to use the system region (based on LANG).
console.info: MINT: System region is US
console.warn: SearchSettings: "get: No settings file exists, new profile?" (new NotFoundError("Could not open the file at /tmp/rust_mozprofileMSCvmm/search.json.mozlz4", (void 0)))
console.info: MINT: Loading search-config defaults.
JavaScript error: resource://gre/modules/TelemetryUtils.jsm, line 154: TypeError: date is undefined
JavaScript error: resource:///modules/BrowserGlue.jsm, line 4033: TypeError: invalid assignment to const 'dialogReason'
DevTools listening on ws://localhost:33985/devtools/browser/cd79872e-fa32-4276-8059-8772a6d08595
1638516116486	Marionette	INFO	Listening on port 38463
1638516116573	RemoteAgent	WARN	TLS certificate errors will be ignored for this session
JavaScript error: https://code.jquery.com/jquery-1.12.4.js, line 4446: TypeError: document is undefined
JavaScript error: https://code.jquery.com/jquery-1.12.4.js, line 4446: TypeError: document is undefined
1638516239397	Marionette	INFO	Stopped listening on port 38463
1638573705693	geckodriver	INFO	Listening on 127.0.0.1:46627
1638573705698	mozrunner::runner	INFO	Running command: "/usr/bin/firefox" "--marionette" "--remote-debugging-port" "42733" "-no-remote" "-profile" "/tmp/rust_mozprofilevy6Nzw"
ATTENTION: default value of option mesa_glthread overridden by environment.
ATTENTION: default value of option mesa_glthread overridden by environment.
ATTENTION: default value of option mesa_glthread overridden by environment.
ATTENTION: default value of option mesa_glthread overridden by environment.
1638573706629	Marionette	INFO	Marionette enabled
console.info: MINT: Trying to use the system region (based on LANG).
console.info: MINT: System region is US
console.info: MINT: Trying to use the system region (based on LANG).
console.info: MINT: System region is US
console.warn: SearchSettings: "get: No settings file exists, new profile?" (new NotFoundError("Could not open the file at /tmp/rust_mozprofilevy6Nzw/search.json.mozlz4", (void 0)))
console.info: MINT: Loading search-config defaults.
JavaScript error: resource://gre/modules/TelemetryUtils.jsm, line 154: TypeError: date is undefined
JavaScript error: resource:///modules/BrowserGlue.jsm, line 4033: TypeError: invalid assignment to const 'dialogReason'
DevTools listening on ws://localhost:42733/devtools/browser/0c8e7cf3-c859-48da-aa48-7f062f8219ef
1638573708407	Marionette	INFO	Listening on port 36659
1638573708541	RemoteAgent	WARN	TLS certificate errors will be ignored for this session
JavaScript error: https://code.jquery.com/jquery-1.12.4.js, line 4446: TypeError: document is undefined
JavaScript error: https://code.jquery.com/jquery-1.12.4.js, line 4446: TypeError: document is undefined
1638573766992	Marionette	INFO	Stopped listening on port 36659

###!!! [Parent][RunMessage] Error: Channel closing: too late to send/recv, messages will be lost

1641138359883	geckodriver	INFO	Listening on 127.0.0.1:56363
1641138360387	mozrunner::runner	INFO	Running command: "/usr/bin/firefox" "--marionette" "--remote-debugging-port" "54567" "-no-remote" "-profile" "/tmp/rust_mozprofileIn93T5"
ATTENTION: default value of option mesa_glthread overridden by environment.
ATTENTION: default value of option mesa_glthread overridden by environment.
ATTENTION: default value of option mesa_glthread overridden by environment.
ATTENTION: default value of option mesa_glthread overridden by environment.
1641138361351	Marionette	INFO	Marionette enabled
console.info: MINT: Trying to use the system region (based on LANG).
console.info: MINT: System region is US
console.info: MINT: Trying to use the system region (based on LANG).
console.info: MINT: System region is US
console.warn: SearchSettings: "get: No settings file exists, new profile?" (new NotFoundError("Could not open the file at /tmp/rust_mozprofileIn93T5/search.json.mozlz4", (void 0)))
console.info: MINT: Loading search-config defaults.
JavaScript error: resource://gre/modules/TelemetryUtils.jsm, line 154: TypeError: date is undefined
JavaScript error: resource:///modules/BrowserGlue.jsm, line 4097: TypeError: invalid assignment to const 'dialogReason'
DevTools listening on ws://localhost:54567/devtools/browser/cbe08f44-3e61-4dbb-8db0-e02697e5867d
1641138363056	Marionette	INFO	Listening on port 43413
1641138363346	RemoteAgent	WARN	TLS certificate errors will be ignored for this session
JavaScript error: https://code.jquery.com/jquery-1.12.4.js, line 4446: TypeError: document is undefined
JavaScript error: https://code.jquery.com/jquery-1.12.4.js, line 4446: TypeError: document is undefined
1641138420898	Marionette	INFO	Stopped listening on port 43413

###!!! [Parent][RunMessage] Error: Channel closing: too late to send/recv, messages will be lost

1641443072805	geckodriver	INFO	Listening on 127.0.0.1:42857
1641443073310	mozrunner::runner	INFO	Running command: "/usr/bin/firefox" "--marionette" "--remote-debugging-port" "35995" "-no-remote" "-profile" "/tmp/rust_mozprofilek4FVka"
ATTENTION: default value of option mesa_glthread overridden by environment.
ATTENTION: default value of option mesa_glthread overridden by environment.
ATTENTION: default value of option mesa_glthread overridden by environment.
ATTENTION: default value of option mesa_glthread overridden by environment.
1641443074263	Marionette	INFO	Marionette enabled
console.info: MINT: Trying to use the system region (based on LANG).
console.info: MINT: System region is US
console.info: MINT: Trying to use the system region (based on LANG).
console.info: MINT: System region is US
console.warn: SearchSettings: "get: No settings file exists, new profile?" (new NotFoundError("Could not open the file at /tmp/rust_mozprofilek4FVka/search.json.mozlz4", (void 0)))
console.info: MINT: Loading search-config defaults.
JavaScript error: resource://gre/modules/TelemetryUtils.jsm, line 154: TypeError: date is undefined
JavaScript error: resource:///modules/BrowserGlue.jsm, line 4097: TypeError: invalid assignment to const 'dialogReason'
DevTools listening on ws://localhost:35995/devtools/browser/c599efac-d8a8-4782-ab09-a707eb15836a
1641443075819	Marionette	INFO	Listening on port 39489
1641443075934	RemoteAgent	WARN	TLS certificate errors will be ignored for this session
1641443116311	geckodriver	INFO	Listening on 127.0.0.1:60821
1641443116317	mozrunner::runner	INFO	Running command: "/usr/bin/firefox" "--marionette" "--remote-debugging-port" "46657" "-no-remote" "-profile" "/tmp/rust_mozprofilecm4XVy"
ATTENTION: default value of option mesa_glthread overridden by environment.
ATTENTION: default value of option mesa_glthread overridden by environment.
ATTENTION: default value of option mesa_glthread overridden by environment.
ATTENTION: default value of option mesa_glthread overridden by environment.
1641443117206	Marionette	INFO	Marionette enabled
console.info: MINT: Trying to use the system region (based on LANG).
console.info: MINT: System region is US
console.info: MINT: Trying to use the system region (based on LANG).
console.info: MINT: System region is US
console.warn: SearchSettings: "get: No settings file exists, new profile?" (new NotFoundError("Could not open the file at /tmp/rust_mozprofilecm4XVy/search.json.mozlz4", (void 0)))
console.info: MINT: Loading search-config defaults.
JavaScript error: resource://gre/modules/TelemetryUtils.jsm, line 154: TypeError: date is undefined
JavaScript error: resource:///modules/BrowserGlue.jsm, line 4097: TypeError: invalid assignment to const 'dialogReason'
DevTools listening on ws://localhost:46657/devtools/browser/db38cf06-e46c-4233-ab7a-c7ec872cda29
1641443118681	Marionette	INFO	Listening on port 36875
1641443118739	RemoteAgent	WARN	TLS certificate errors will be ignored for this session
1641443135477	geckodriver	INFO	Listening on 127.0.0.1:47895
1641443135483	mozrunner::runner	INFO	Running command: "/usr/bin/firefox" "--marionette" "--remote-debugging-port" "43179" "-no-remote" "-profile" "/tmp/rust_mozprofile8E7M5z"
ATTENTION: default value of option mesa_glthread overridden by environment.
ATTENTION: default value of option mesa_glthread overridden by environment.
ATTENTION: default value of option mesa_glthread overridden by environment.
ATTENTION: default value of option mesa_glthread overridden by environment.
1641443136360	Marionette	INFO	Marionette enabled
console.info: MINT: Trying to use the system region (based on LANG).
console.info: MINT: System region is US
console.info: MINT: Trying to use the system region (based on LANG).
console.info: MINT: System region is US
console.warn: SearchSettings: "get: No settings file exists, new profile?" (new NotFoundError("Could not open the file at /tmp/rust_mozprofile8E7M5z/search.json.mozlz4", (void 0)))
console.info: MINT: Loading search-config defaults.
JavaScript error: resource://gre/modules/TelemetryUtils.jsm, line 154: TypeError: date is undefined
JavaScript error: resource:///modules/BrowserGlue.jsm, line 4097: TypeError: invalid assignment to const 'dialogReason'
DevTools listening on ws://localhost:43179/devtools/browser/0b952a63-59d9-4ede-b827-ccd598b905d5
1641443137988	Marionette	INFO	Listening on port 45937
1641443138107	RemoteAgent	WARN	TLS certificate errors will be ignored for this session
1641443203254	geckodriver	INFO	Listening on 127.0.0.1:45799
1641443203260	mozrunner::runner	INFO	Running command: "/usr/bin/firefox" "--marionette" "--remote-debugging-port" "38503" "-no-remote" "-profile" "/tmp/rust_mozprofile7F2L4Q"
ATTENTION: default value of option mesa_glthread overridden by environment.
ATTENTION: default value of option mesa_glthread overridden by environment.
ATTENTION: default value of option mesa_glthread overridden by environment.
ATTENTION: default value of option mesa_glthread overridden by environment.
1641443204098	Marionette	INFO	Marionette enabled
console.info: MINT: Trying to use the system region (based on LANG).
console.info: MINT: System region is US
console.info: MINT: Trying to use the system region (based on LANG).
console.info: MINT: System region is US
console.warn: SearchSettings: "get: No settings file exists, new profile?" (new NotFoundError("Could not open the file at /tmp/rust_mozprofile7F2L4Q/search.json.mozlz4", (void 0)))
console.info: MINT: Loading search-config defaults.
JavaScript error: resource://gre/modules/TelemetryUtils.jsm, line 154: TypeError: date is undefined
JavaScript error: resource:///modules/BrowserGlue.jsm, line 4097: TypeError: invalid assignment to const 'dialogReason'
DevTools listening on ws://localhost:38503/devtools/browser/59a09965-c14f-4d15-8e32-2757efdc1b3b
1641443205822	Marionette	INFO	Listening on port 41225
1641443205883	RemoteAgent	WARN	TLS certificate errors will be ignored for this session
1641443333992	Marionette	INFO	Stopped listening on port 45937
console.warn: TopSitesFeed: Failed to fetch data from Contile server: NetworkError when attempting to fetch resource.
1641443336283	Marionette	INFO	Stopped listening on port 36875
console.warn: TopSitesFeed: Failed to fetch data from Contile server: NetworkError when attempting to fetch resource.
1641443336925	Marionette	INFO	Stopped listening on port 39489
console.warn: TopSitesFeed: Failed to fetch data from Contile server: NetworkError when attempting to fetch resource.
1641443351416	Marionette	INFO	Stopped listening on port 41225
1641445031818	geckodriver	INFO	Listening on 127.0.0.1:47931
1641445031823	mozrunner::runner	INFO	Running command: "/usr/bin/firefox" "--marionette" "--remote-debugging-port" "35485" "-no-remote" "-profile" "/tmp/rust_mozprofileeUC5qz"
ATTENTION: default value of option mesa_glthread overridden by environment.
ATTENTION: default value of option mesa_glthread overridden by environment.
ATTENTION: default value of option mesa_glthread overridden by environment.
ATTENTION: default value of option mesa_glthread overridden by environment.
1641445032681	Marionette	INFO	Marionette enabled
console.info: MINT: Trying to use the system region (based on LANG).
console.info: MINT: System region is US
console.info: MINT: Trying to use the system region (based on LANG).
console.info: MINT: System region is US
console.warn: SearchSettings: "get: No settings file exists, new profile?" (new NotFoundError("Could not open the file at /tmp/rust_mozprofileeUC5qz/search.json.mozlz4", (void 0)))
console.info: MINT: Loading search-config defaults.
JavaScript error: resource://gre/modules/TelemetryUtils.jsm, line 154: TypeError: date is undefined
JavaScript error: resource:///modules/BrowserGlue.jsm, line 4097: TypeError: invalid assignment to const 'dialogReason'
DevTools listening on ws://localhost:35485/devtools/browser/74252f64-691f-4e7d-bc6d-569f763babea
1641445034290	Marionette	INFO	Listening on port 42697
1641445034351	RemoteAgent	WARN	TLS certificate errors will be ignored for this session
console.info: MINT: main/search-config update being skipped
ATTENTION: default value of option mesa_glthread overridden by environment.
JavaScript warning: https://pagead2.googlesyndication.com/bg/IRsBumQwZmVSHiAMXbeguyZBqdAdSQuTAPvMEOkIGug.js line 1 > eval line 949 > eval, line 1: WEBGL_debug_renderer_info is deprecated in Firefox and will be removed. Please use RENDERER.
JavaScript error: https://tdn.r42tag.com/lib/1347-v1.js line 26 > eval, line 112: TypeError: element is null
ATTENTION: default value of option mesa_glthread overridden by environment.
JavaScript warning: https://pagead2.googlesyndication.com/bg/IRsBumQwZmVSHiAMXbeguyZBqdAdSQuTAPvMEOkIGug.js line 1 > eval line 6735 > eval, line 1: WEBGL_debug_renderer_info is deprecated in Firefox and will be removed. Please use RENDERER.
JavaScript error: , line 0: uncaught exception: XMLHttpRequest Error
ATTENTION: default value of option mesa_glthread overridden by environment.
JavaScript warning: https://pagead2.googlesyndication.com/bg/r8nbwAJIoZCxWYvDNzL2FR480laaoV7LX6_itKNPK9o.js line 1 > eval line 4216 > eval line 1 > eval, line 1: WEBGL_debug_renderer_info is deprecated in Firefox and will be removed. Please use RENDERER.
JavaScript error: https://mgronline.com/js/libs/jquery.min.js?_=1_0_0 line 2 > eval, line 1: SecurityError: The operation is insecure.
ATTENTION: default value of option mesa_glthread overridden by environment.
JavaScript warning: https://pagead2.googlesyndication.com/bg/IRsBumQwZmVSHiAMXbeguyZBqdAdSQuTAPvMEOkIGug.js line 1 > eval line 3928 > eval, line 1: WEBGL_debug_renderer_info is deprecated in Firefox and will be removed. Please use RENDERER.
ATTENTION: default value of option mesa_glthread overridden by environment.
JavaScript warning: https://pagead2.googlesyndication.com/bg/r8nbwAJIoZCxWYvDNzL2FR480laaoV7LX6_itKNPK9o.js line 1 > eval line 6683 > eval line 1 > eval, line 1: WEBGL_debug_renderer_info is deprecated in Firefox and will be removed. Please use RENDERER.
JavaScript warning: https://ad.mox.tv/js/moxplayer/moxplayer.min.js, line 1: This error message will be blank when privacy.resistFingerprinting = true.  If it is really necessary, please add it to the whitelist in MediaError::GetMessage: 
JavaScript error: , line 0: TypeError: NetworkError when attempting to fetch resource.
JavaScript error: https://www.civicesgroup.com/scripts/bootstrap-4.3.1-dist/js/bootstrap.min.js, line 6: Error: Bootstrap's JavaScript requires at least jQuery v1.9.1 but less than v4.0.0
ATTENTION: default value of option mesa_glthread overridden by environment.
JavaScript warning: https://pagead2.googlesyndication.com/bg/IRsBumQwZmVSHiAMXbeguyZBqdAdSQuTAPvMEOkIGug.js line 1 > eval line 6557 > eval line 1 > eval, line 1: WEBGL_debug_renderer_info is deprecated in Firefox and will be removed. Please use RENDERER.
ATTENTION: default value of option mesa_glthread overridden by environment.
JavaScript warning: https://pagead2.googlesyndication.com/bg/IRsBumQwZmVSHiAMXbeguyZBqdAdSQuTAPvMEOkIGug.js line 1 > eval line 1352 > eval line 1 > eval, line 1: WEBGL_debug_renderer_info is deprecated in Firefox and will be removed. Please use RENDERER.
1641449501852	Marionette	INFO	Stopped listening on port 42697
JavaScript error: , line 0: TypeError: NetworkError when attempting to fetch resource.
JavaScript error: , line 0: TypeError: NetworkError when attempting to fetch resource.
JavaScript error: , line 0: TypeError: NetworkError when attempting to fetch resource.
JavaScript error: , line 0: AbortError: The operation was aborted. 
JavaScript error: , line 0: AbortError: The operation was aborted. 
JavaScript error: , line 0: TypeError: NetworkError when attempting to fetch resource.
JavaScript error: , line 0: TypeError: NetworkError when attempting to fetch resource.
JavaScript error: , line 0: TypeError: NetworkError when attempting to fetch resource.
JavaScript error: , line 0: TypeError: NetworkError when attempting to fetch resource.
JavaScript error: , line 0: TypeError: NetworkError when attempting to fetch resource.
console.warn: TopSitesFeed: Failed to fetch data from Contile server: NetworkError when attempting to fetch resource.

###!!! [Parent][RunMessage] Error: Channel closing: too late to send/recv, messages will be lost

1641449759857	geckodriver	INFO	Listening on 127.0.0.1:54257
1641449759862	mozrunner::runner	INFO	Running command: "/usr/bin/firefox" "--marionette" "--remote-debugging-port" "48221" "-no-remote" "-profile" "/tmp/rust_mozprofile6uShsa"
ATTENTION: default value of option mesa_glthread overridden by environment.
ATTENTION: default value of option mesa_glthread overridden by environment.
ATTENTION: default value of option mesa_glthread overridden by environment.
ATTENTION: default value of option mesa_glthread overridden by environment.
1641449760753	Marionette	INFO	Marionette enabled
console.info: MINT: Trying to use the system region (based on LANG).
console.info: MINT: System region is US
console.info: MINT: Trying to use the system region (based on LANG).
console.info: MINT: System region is US
console.warn: SearchSettings: "get: No settings file exists, new profile?" (new NotFoundError("Could not open the file at /tmp/rust_mozprofile6uShsa/search.json.mozlz4", (void 0)))
console.info: MINT: Loading search-config defaults.
JavaScript error: resource://gre/modules/TelemetryUtils.jsm, line 154: TypeError: date is undefined
JavaScript error: resource:///modules/BrowserGlue.jsm, line 4097: TypeError: invalid assignment to const 'dialogReason'
DevTools listening on ws://localhost:48221/devtools/browser/77240f1a-f4b1-4c41-9ad9-62d669027220
1641449762211	Marionette	INFO	Listening on port 40277
1641449762334	RemoteAgent	WARN	TLS certificate errors will be ignored for this session
1641449881879	geckodriver	INFO	Listening on 127.0.0.1:51885
1641449881884	mozrunner::runner	INFO	Running command: "/usr/bin/firefox" "--marionette" "--remote-debugging-port" "47425" "-no-remote" "-profile" "/tmp/rust_mozprofilencmL5M"
ATTENTION: default value of option mesa_glthread overridden by environment.
ATTENTION: default value of option mesa_glthread overridden by environment.
ATTENTION: default value of option mesa_glthread overridden by environment.
ATTENTION: default value of option mesa_glthread overridden by environment.
1641449882810	Marionette	INFO	Marionette enabled
console.info: MINT: Trying to use the system region (based on LANG).
console.info: MINT: System region is US
console.info: MINT: Trying to use the system region (based on LANG).
console.info: MINT: System region is US
console.warn: SearchSettings: "get: No settings file exists, new profile?" (new NotFoundError("Could not open the file at /tmp/rust_mozprofilencmL5M/search.json.mozlz4", (void 0)))
console.info: MINT: Loading search-config defaults.
JavaScript error: resource://gre/modules/TelemetryUtils.jsm, line 154: TypeError: date is undefined
JavaScript error: resource:///modules/BrowserGlue.jsm, line 4097: TypeError: invalid assignment to const 'dialogReason'
DevTools listening on ws://localhost:47425/devtools/browser/2f6bd8c5-b619-460f-8fc3-44749e417ba9
1641449884440	Marionette	INFO	Listening on port 33257
1641449884507	RemoteAgent	WARN	TLS certificate errors will be ignored for this session
console.info: MINT: main/search-config update being skipped
console.info: MINT: main/search-config update being skipped
1641450222429	geckodriver	INFO	Listening on 127.0.0.1:58937
1641450222436	mozrunner::runner	INFO	Running command: "/usr/bin/firefox" "--marionette" "--remote-debugging-port" "37453" "-no-remote" "-profile" "/tmp/rust_mozprofiles3XTHd"
ATTENTION: default value of option mesa_glthread overridden by environment.
ATTENTION: default value of option mesa_glthread overridden by environment.
ATTENTION: default value of option mesa_glthread overridden by environment.
ATTENTION: default value of option mesa_glthread overridden by environment.
1641450223318	Marionette	INFO	Marionette enabled
console.info: MINT: Trying to use the system region (based on LANG).
console.info: MINT: System region is US
console.info: MINT: Trying to use the system region (based on LANG).
console.info: MINT: System region is US
console.warn: SearchSettings: "get: No settings file exists, new profile?" (new NotFoundError("Could not open the file at /tmp/rust_mozprofiles3XTHd/search.json.mozlz4", (void 0)))
console.info: MINT: Loading search-config defaults.
JavaScript error: resource://gre/modules/TelemetryUtils.jsm, line 154: TypeError: date is undefined
JavaScript error: resource:///modules/BrowserGlue.jsm, line 4097: TypeError: invalid assignment to const 'dialogReason'
DevTools listening on ws://localhost:37453/devtools/browser/e6fef79d-5be5-4d27-ad1b-e4dbcfbe9707
1641450224800	Marionette	INFO	Listening on port 35075
1641450224857	RemoteAgent	WARN	TLS certificate errors will be ignored for this session
1641450409191	Marionette	INFO	Stopped listening on port 35075
console.warn: TopSitesFeed: Failed to fetch data from Contile server: NetworkError when attempting to fetch resource.

###!!! [Parent][RunMessage] Error: Channel closing: too late to send/recv, messages will be lost

1641450412943	Marionette	INFO	Stopped listening on port 40277
console.warn: TopSitesFeed: Failed to fetch data from Contile server: NetworkError when attempting to fetch resource.
1641450497045	geckodriver	INFO	Listening on 127.0.0.1:46267
1641450497051	mozrunner::runner	INFO	Running command: "/usr/bin/firefox" "--marionette" "--remote-debugging-port" "36775" "-no-remote" "-profile" "/tmp/rust_mozprofilekGwmIh"
ATTENTION: default value of option mesa_glthread overridden by environment.
ATTENTION: default value of option mesa_glthread overridden by environment.
ATTENTION: default value of option mesa_glthread overridden by environment.
ATTENTION: default value of option mesa_glthread overridden by environment.
1641450497978	Marionette	INFO	Marionette enabled
console.info: MINT: Trying to use the system region (based on LANG).
console.info: MINT: System region is US
console.info: MINT: Trying to use the system region (based on LANG).
console.info: MINT: System region is US
console.warn: SearchSettings: "get: No settings file exists, new profile?" (new NotFoundError("Could not open the file at /tmp/rust_mozprofilekGwmIh/search.json.mozlz4", (void 0)))
console.info: MINT: Loading search-config defaults.
JavaScript error: resource://gre/modules/TelemetryUtils.jsm, line 154: TypeError: date is undefined
JavaScript error: resource:///modules/BrowserGlue.jsm, line 4097: TypeError: invalid assignment to const 'dialogReason'
DevTools listening on ws://localhost:36775/devtools/browser/18e6b6ff-8bd8-488b-b2a6-b7b7c9602f14
1641450499575	Marionette	INFO	Listening on port 38971
1641450499672	RemoteAgent	WARN	TLS certificate errors will be ignored for this session
1641450570689	geckodriver	INFO	Listening on 127.0.0.1:37415
1641450570694	mozrunner::runner	INFO	Running command: "/usr/bin/firefox" "--marionette" "--remote-debugging-port" "43685" "-no-remote" "-profile" "/tmp/rust_mozprofileNWSd3u"
ATTENTION: default value of option mesa_glthread overridden by environment.
ATTENTION: default value of option mesa_glthread overridden by environment.
ATTENTION: default value of option mesa_glthread overridden by environment.
ATTENTION: default value of option mesa_glthread overridden by environment.
1641450571539	Marionette	INFO	Marionette enabled
console.info: MINT: Trying to use the system region (based on LANG).
console.info: MINT: System region is US
console.info: MINT: Trying to use the system region (based on LANG).
console.info: MINT: System region is US
console.warn: SearchSettings: "get: No settings file exists, new profile?" (new NotFoundError("Could not open the file at /tmp/rust_mozprofileNWSd3u/search.json.mozlz4", (void 0)))
console.info: MINT: Loading search-config defaults.
JavaScript error: resource://gre/modules/TelemetryUtils.jsm, line 154: TypeError: date is undefined
JavaScript error: resource:///modules/BrowserGlue.jsm, line 4097: TypeError: invalid assignment to const 'dialogReason'
DevTools listening on ws://localhost:43685/devtools/browser/7e81abf5-37d6-477a-910d-6891d040949a
1641450572855	Marionette	INFO	Listening on port 40363
1641450572929	RemoteAgent	WARN	TLS certificate errors will be ignored for this session
console.info: MINT: main/search-config update being skipped
console.info: MINT: main/search-config update being skipped
1641451572040	geckodriver	INFO	Listening on 127.0.0.1:47041
1641451572050	mozrunner::runner	INFO	Running command: "/usr/bin/firefox" "--marionette" "--remote-debugging-port" "37791" "-no-remote" "-profile" "/tmp/rust_mozprofileIX9cq5"
ATTENTION: default value of option mesa_glthread overridden by environment.
ATTENTION: default value of option mesa_glthread overridden by environment.
ATTENTION: default value of option mesa_glthread overridden by environment.
ATTENTION: default value of option mesa_glthread overridden by environment.
1641451572948	Marionette	INFO	Marionette enabled
console.info: MINT: Trying to use the system region (based on LANG).
console.info: MINT: System region is US
console.info: MINT: Trying to use the system region (based on LANG).
console.info: MINT: System region is US
console.warn: SearchSettings: "get: No settings file exists, new profile?" (new NotFoundError("Could not open the file at /tmp/rust_mozprofileIX9cq5/search.json.mozlz4", (void 0)))
console.info: MINT: Loading search-config defaults.
JavaScript error: resource:///modules/BrowserGlue.jsm, line 4097: TypeError: invalid assignment to const 'dialogReason'
JavaScript error: resource://gre/modules/TelemetryUtils.jsm, line 154: TypeError: date is undefined
DevTools listening on ws://localhost:37791/devtools/browser/cc81d742-7d36-4c42-8e9b-480d22a89cb5
1641451574533	Marionette	INFO	Listening on port 42039
1641451574574	RemoteAgent	WARN	TLS certificate errors will be ignored for this session
1641451650984	geckodriver	INFO	Listening on 127.0.0.1:44427
1641451650991	mozrunner::runner	INFO	Running command: "/usr/bin/firefox" "--marionette" "--remote-debugging-port" "36449" "-no-remote" "-profile" "/tmp/rust_mozprofilebkewXL"
ATTENTION: default value of option mesa_glthread overridden by environment.
ATTENTION: default value of option mesa_glthread overridden by environment.
ATTENTION: default value of option mesa_glthread overridden by environment.
ATTENTION: default value of option mesa_glthread overridden by environment.
1641451651873	Marionette	INFO	Marionette enabled
console.info: MINT: Trying to use the system region (based on LANG).
console.info: MINT: System region is US
console.info: MINT: Trying to use the system region (based on LANG).
console.info: MINT: System region is US
console.warn: SearchSettings: "get: No settings file exists, new profile?" (new NotFoundError("Could not open the file at /tmp/rust_mozprofilebkewXL/search.json.mozlz4", (void 0)))
console.info: MINT: Loading search-config defaults.
JavaScript error: resource://gre/modules/TelemetryUtils.jsm, line 154: TypeError: date is undefined
JavaScript error: resource:///modules/BrowserGlue.jsm, line 4097: TypeError: invalid assignment to const 'dialogReason'
DevTools listening on ws://localhost:36449/devtools/browser/feb16b00-1441-438c-9362-a229eec21f62
1641451653751	Marionette	INFO	Listening on port 34141
1641451653821	RemoteAgent	WARN	TLS certificate errors will be ignored for this session
1641451771001	Marionette	INFO	Stopped listening on port 42039
console.warn: TopSitesFeed: Failed to fetch data from Contile server: NetworkError when attempting to fetch resource.

###!!! [Parent][RunMessage] Error: Channel closing: too late to send/recv, messages will be lost

1641451773051	Marionette	INFO	Stopped listening on port 34141
console.warn: TopSitesFeed: Failed to fetch data from Contile server: NetworkError when attempting to fetch resource.
1641451773571	Marionette	INFO	Stopped listening on port 40363
console.warn: TopSitesFeed: Failed to fetch data from Contile server: NetworkError when attempting to fetch resource.
1641451986052	geckodriver	INFO	Listening on 127.0.0.1:51299
1641451986058	mozrunner::runner	INFO	Running command: "/usr/bin/firefox" "--marionette" "--remote-debugging-port" "36255" "-no-remote" "-profile" "/tmp/rust_mozprofile2ZKvTL"
ATTENTION: default value of option mesa_glthread overridden by environment.
ATTENTION: default value of option mesa_glthread overridden by environment.
ATTENTION: default value of option mesa_glthread overridden by environment.
ATTENTION: default value of option mesa_glthread overridden by environment.
1641451987096	Marionette	INFO	Marionette enabled
console.info: MINT: Trying to use the system region (based on LANG).
console.info: MINT: System region is US
console.info: MINT: Trying to use the system region (based on LANG).
console.info: MINT: System region is US
console.warn: SearchSettings: "get: No settings file exists, new profile?" (new NotFoundError("Could not open the file at /tmp/rust_mozprofile2ZKvTL/search.json.mozlz4", (void 0)))
console.info: MINT: Loading search-config defaults.
JavaScript error: resource://gre/modules/TelemetryUtils.jsm, line 154: TypeError: date is undefined
JavaScript error: resource:///modules/BrowserGlue.jsm, line 4097: TypeError: invalid assignment to const 'dialogReason'
DevTools listening on ws://localhost:36255/devtools/browser/56409d5a-18d1-446f-9e22-06876a2c0aea
1641451988717	Marionette	INFO	Listening on port 37779
1641451988799	RemoteAgent	WARN	TLS certificate errors will be ignored for this session
1641452005018	Marionette	INFO	Stopped listening on port 37779
console.warn: TopSitesFeed: Failed to fetch data from Contile server: NetworkError when attempting to fetch resource.

###!!! [Parent][RunMessage] Error: Channel closing: too late to send/recv, messages will be lost

1641452194087	geckodriver	INFO	Listening on 127.0.0.1:48619
1641452194094	mozrunner::runner	INFO	Running command: "/usr/bin/firefox" "--marionette" "--remote-debugging-port" "45223" "-no-remote" "-profile" "/tmp/rust_mozprofileSwqkHy"
ATTENTION: default value of option mesa_glthread overridden by environment.
ATTENTION: default value of option mesa_glthread overridden by environment.
ATTENTION: default value of option mesa_glthread overridden by environment.
ATTENTION: default value of option mesa_glthread overridden by environment.
1641452194979	Marionette	INFO	Marionette enabled
console.info: MINT: Trying to use the system region (based on LANG).
console.info: MINT: System region is US
console.info: MINT: Trying to use the system region (based on LANG).
console.info: MINT: System region is US
console.warn: SearchSettings: "get: No settings file exists, new profile?" (new NotFoundError("Could not open the file at /tmp/rust_mozprofileSwqkHy/search.json.mozlz4", (void 0)))
console.info: MINT: Loading search-config defaults.
JavaScript error: resource://gre/modules/TelemetryUtils.jsm, line 154: TypeError: date is undefined
JavaScript error: resource:///modules/BrowserGlue.jsm, line 4097: TypeError: invalid assignment to const 'dialogReason'
DevTools listening on ws://localhost:45223/devtools/browser/1fb04049-05a6-4e09-bb4e-e44f7f3ce013
1641452196610	Marionette	INFO	Listening on port 44205
1641452196713	RemoteAgent	WARN	TLS certificate errors will be ignored for this session
1641452286719	geckodriver	INFO	Listening on 127.0.0.1:47031
1641452286724	mozrunner::runner	INFO	Running command: "/usr/bin/firefox" "--marionette" "--remote-debugging-port" "59807" "-no-remote" "-profile" "/tmp/rust_mozprofileMsExKF"
ATTENTION: default value of option mesa_glthread overridden by environment.
ATTENTION: default value of option mesa_glthread overridden by environment.
ATTENTION: default value of option mesa_glthread overridden by environment.
ATTENTION: default value of option mesa_glthread overridden by environment.
1641452287576	Marionette	INFO	Marionette enabled
console.info: MINT: Trying to use the system region (based on LANG).
console.info: MINT: System region is US
console.info: MINT: Trying to use the system region (based on LANG).
console.info: MINT: System region is US
console.warn: SearchSettings: "get: No settings file exists, new profile?" (new NotFoundError("Could not open the file at /tmp/rust_mozprofileMsExKF/search.json.mozlz4", (void 0)))
console.info: MINT: Loading search-config defaults.
JavaScript error: resource://gre/modules/TelemetryUtils.jsm, line 154: TypeError: date is undefined
JavaScript error: resource:///modules/BrowserGlue.jsm, line 4097: TypeError: invalid assignment to const 'dialogReason'
DevTools listening on ws://localhost:59807/devtools/browser/6578dd14-0584-481a-ac03-65b124cddde3
1641452289012	Marionette	INFO	Listening on port 36283
1641452289051	RemoteAgent	WARN	TLS certificate errors will be ignored for this session
1641452408717	Marionette	INFO	Stopped listening on port 44205
console.warn: TopSitesFeed: Failed to fetch data from Contile server: NetworkError when attempting to fetch resource.
1641452526004	geckodriver	INFO	Listening on 127.0.0.1:44753
1641452526010	mozrunner::runner	INFO	Running command: "/usr/bin/firefox" "--marionette" "--remote-debugging-port" "51229" "-no-remote" "-profile" "/tmp/rust_mozprofileBHUzoy"
ATTENTION: default value of option mesa_glthread overridden by environment.
ATTENTION: default value of option mesa_glthread overridden by environment.
ATTENTION: default value of option mesa_glthread overridden by environment.
ATTENTION: default value of option mesa_glthread overridden by environment.
1641452526905	Marionette	INFO	Marionette enabled
console.info: MINT: Trying to use the system region (based on LANG).
console.info: MINT: System region is US
console.info: MINT: Trying to use the system region (based on LANG).
console.info: MINT: System region is US
console.warn: SearchSettings: "get: No settings file exists, new profile?" (new NotFoundError("Could not open the file at /tmp/rust_mozprofileBHUzoy/search.json.mozlz4", (void 0)))
console.info: MINT: Loading search-config defaults.
JavaScript error: resource://gre/modules/TelemetryUtils.jsm, line 154: TypeError: date is undefined
JavaScript error: resource:///modules/BrowserGlue.jsm, line 4097: TypeError: invalid assignment to const 'dialogReason'
DevTools listening on ws://localhost:51229/devtools/browser/73a600b0-13fe-4ce1-9ef7-eb82ee74e129
1641452528617	Marionette	INFO	Listening on port 46799
1641452528754	RemoteAgent	WARN	TLS certificate errors will be ignored for this session
console.info: MINT: main/search-config update being skipped
1641452589264	Marionette	WARN	TimedPromise timed out after 500 ms: stacktrace:
TimedPromise/<@chrome://remote/content/marionette/sync.js:238:19
TimedPromise@chrome://remote/content/marionette/sync.js:223:10
interaction.flushEventLoop@chrome://remote/content/marionette/interaction.js:431:10
webdriverClickElement@chrome://remote/content/marionette/interaction.js:179:31
1641452591527	Marionette	WARN	TimedPromise timed out after 500 ms: stacktrace:
TimedPromise/<@chrome://remote/content/marionette/sync.js:238:19
TimedPromise@chrome://remote/content/marionette/sync.js:223:10
interaction.flushEventLoop@chrome://remote/content/marionette/interaction.js:431:10
webdriverClickElement@chrome://remote/content/marionette/interaction.js:179:31
1641452593767	Marionette	WARN	TimedPromise timed out after 500 ms: stacktrace:
TimedPromise/<@chrome://remote/content/marionette/sync.js:238:19
TimedPromise@chrome://remote/content/marionette/sync.js:223:10
interaction.flushEventLoop@chrome://remote/content/marionette/interaction.js:431:10
webdriverClickElement@chrome://remote/content/marionette/interaction.js:179:31
1641452596126	Marionette	WARN	TimedPromise timed out after 500 ms: stacktrace:
TimedPromise/<@chrome://remote/content/marionette/sync.js:238:19
TimedPromise@chrome://remote/content/marionette/sync.js:223:10
interaction.flushEventLoop@chrome://remote/content/marionette/interaction.js:431:10
webdriverClickElement@chrome://remote/content/marionette/interaction.js:179:31
1641452596647	Marionette	INFO	Stopped listening on port 38971
console.warn: TopSitesFeed: Failed to fetch data from Contile server: NetworkError when attempting to fetch resource.

###!!! [Parent][RunMessage] Error: Channel closing: too late to send/recv, messages will be lost

1641452598483	Marionette	WARN	TimedPromise timed out after 500 ms: stacktrace:
TimedPromise/<@chrome://remote/content/marionette/sync.js:238:19
TimedPromise@chrome://remote/content/marionette/sync.js:223:10
interaction.flushEventLoop@chrome://remote/content/marionette/interaction.js:431:10
webdriverClickElement@chrome://remote/content/marionette/interaction.js:179:31
1641452600847	Marionette	INFO	Stopped listening on port 33257
1641452600885	Marionette	WARN	TimedPromise timed out after 500 ms: stacktrace:
TimedPromise/<@chrome://remote/content/marionette/sync.js:238:19
TimedPromise@chrome://remote/content/marionette/sync.js:223:10
interaction.flushEventLoop@chrome://remote/content/marionette/interaction.js:431:10
webdriverClickElement@chrome://remote/content/marionette/interaction.js:179:31
JavaScript error: , line 0: TypeError: NetworkError when attempting to fetch resource.

###!!! [Child][RunMessage] Error: Channel closing: too late to send/recv, messages will be lost

console.warn: TopSitesFeed: Failed to fetch data from Contile server: NetworkError when attempting to fetch resource.

###!!! [Parent][RunMessage] Error: Channel closing: too late to send/recv, messages will be lost

1641452603285	Marionette	WARN	TimedPromise timed out after 500 ms: stacktrace:
TimedPromise/<@chrome://remote/content/marionette/sync.js:238:19
TimedPromise@chrome://remote/content/marionette/sync.js:223:10
interaction.flushEventLoop@chrome://remote/content/marionette/interaction.js:431:10
webdriverClickElement@chrome://remote/content/marionette/interaction.js:179:31
1641452606893	Marionette	INFO	Stopped listening on port 46799
console.warn: TopSitesFeed: Failed to fetch data from Contile server: NetworkError when attempting to fetch resource.
JavaScript error: chrome://remote/content/marionette/cert.js, line 55: NS_ERROR_NOT_AVAILABLE: Component returned failure code: 0x80040111 (NS_ERROR_NOT_AVAILABLE) [nsICertOverrideService.setDisableAllSecurityChecksAndLetAttackersInterceptMyData]

###!!! [Parent][RunMessage] Error: Channel closing: too late to send/recv, messages will be lost

1641452635679	geckodriver	INFO	Listening on 127.0.0.1:37239
1641452635684	mozrunner::runner	INFO	Running command: "/usr/bin/firefox" "--marionette" "--remote-debugging-port" "47851" "-no-remote" "-profile" "/tmp/rust_mozprofilejuAojt"
ATTENTION: default value of option mesa_glthread overridden by environment.
ATTENTION: default value of option mesa_glthread overridden by environment.
ATTENTION: default value of option mesa_glthread overridden by environment.
ATTENTION: default value of option mesa_glthread overridden by environment.
1641452636551	Marionette	INFO	Marionette enabled
console.info: MINT: Trying to use the system region (based on LANG).
console.info: MINT: System region is US
console.info: MINT: Trying to use the system region (based on LANG).
console.info: MINT: System region is US
console.warn: SearchSettings: "get: No settings file exists, new profile?" (new NotFoundError("Could not open the file at /tmp/rust_mozprofilejuAojt/search.json.mozlz4", (void 0)))
console.info: MINT: Loading search-config defaults.
JavaScript error: resource://gre/modules/TelemetryUtils.jsm, line 154: TypeError: date is undefined
JavaScript error: resource:///modules/BrowserGlue.jsm, line 4097: TypeError: invalid assignment to const 'dialogReason'
DevTools listening on ws://localhost:47851/devtools/browser/125dc7e3-e1d5-450f-85a7-e89a13a7cb5c
1641452638015	Marionette	INFO	Listening on port 44845
1641452638124	RemoteAgent	WARN	TLS certificate errors will be ignored for this session
1641452741114	Marionette	INFO	Stopped listening on port 44845
JavaScript error: chrome://remote/content/marionette/cert.js, line 55: NS_ERROR_NOT_AVAILABLE: Component returned failure code: 0x80040111 (NS_ERROR_NOT_AVAILABLE) [nsICertOverrideService.setDisableAllSecurityChecksAndLetAttackersInterceptMyData]

###!!! [Parent][RunMessage] Error: Channel closing: too late to send/recv, messages will be lost

1641452853460	geckodriver	INFO	Listening on 127.0.0.1:34635
1641452853466	mozrunner::runner	INFO	Running command: "/usr/bin/firefox" "--marionette" "--remote-debugging-port" "54267" "-no-remote" "-profile" "/tmp/rust_mozprofileOwkeb4"
ATTENTION: default value of option mesa_glthread overridden by environment.
ATTENTION: default value of option mesa_glthread overridden by environment.
ATTENTION: default value of option mesa_glthread overridden by environment.
ATTENTION: default value of option mesa_glthread overridden by environment.
1641452854305	Marionette	INFO	Marionette enabled
console.info: MINT: Trying to use the system region (based on LANG).
console.info: MINT: System region is US
console.info: MINT: Trying to use the system region (based on LANG).
console.info: MINT: System region is US
console.warn: SearchSettings: "get: No settings file exists, new profile?" (new NotFoundError("Could not open the file at /tmp/rust_mozprofileOwkeb4/search.json.mozlz4", (void 0)))
console.info: MINT: Loading search-config defaults.
JavaScript error: resource:///modules/BrowserGlue.jsm, line 4097: TypeError: invalid assignment to const 'dialogReason'
JavaScript error: resource://gre/modules/TelemetryUtils.jsm, line 154: TypeError: date is undefined
DevTools listening on ws://localhost:54267/devtools/browser/16638a18-ebd4-4e03-8128-0b7c215d82a1
1641452855662	Marionette	INFO	Listening on port 35477
1641452856136	RemoteAgent	WARN	TLS certificate errors will be ignored for this session
1641452909530	Marionette	INFO	Stopped listening on port 35477
1641452992562	Marionette	INFO	Stopped listening on port 36283

###!!! [Parent][RunMessage] Error: Channel closing: too late to send/recv, messages will be lost

1641453426637	geckodriver	INFO	Listening on 127.0.0.1:54711
1641453426642	mozrunner::runner	INFO	Running command: "/usr/bin/firefox" "--marionette" "--remote-debugging-port" "38443" "-no-remote" "-profile" "/tmp/rust_mozprofileAtT6rR"
ATTENTION: default value of option mesa_glthread overridden by environment.
ATTENTION: default value of option mesa_glthread overridden by environment.
ATTENTION: default value of option mesa_glthread overridden by environment.
ATTENTION: default value of option mesa_glthread overridden by environment.
1641453427505	Marionette	INFO	Marionette enabled
console.info: MINT: Trying to use the system region (based on LANG).
console.info: MINT: System region is US
console.info: MINT: Trying to use the system region (based on LANG).
console.info: MINT: System region is US
console.warn: SearchSettings: "get: No settings file exists, new profile?" (new NotFoundError("Could not open the file at /tmp/rust_mozprofileAtT6rR/search.json.mozlz4", (void 0)))
console.info: MINT: Loading search-config defaults.
JavaScript error: resource://gre/modules/TelemetryUtils.jsm, line 154: TypeError: date is undefined
JavaScript error: resource:///modules/BrowserGlue.jsm, line 4097: TypeError: invalid assignment to const 'dialogReason'
DevTools listening on ws://localhost:38443/devtools/browser/97996aee-8967-49bc-a794-070a5c63b5c6
1641453428970	Marionette	INFO	Listening on port 46537
1641453429079	RemoteAgent	WARN	TLS certificate errors will be ignored for this session
1641453431551	Marionette	INFO	Stopped listening on port 46537
console.warn: TopSitesFeed: Failed to fetch data from Contile server: NetworkError when attempting to fetch resource.
JavaScript error: chrome://remote/content/marionette/cert.js, line 55: NS_ERROR_NOT_AVAILABLE: Component returned failure code: 0x80040111 (NS_ERROR_NOT_AVAILABLE) [nsICertOverrideService.setDisableAllSecurityChecksAndLetAttackersInterceptMyData]

###!!! [Parent][RunMessage] Error: Channel closing: too late to send/recv, messages will be lost

